<?xml version="1.0" encoding="UTF-8"?>
<robot generator="Robot 7.2.2 (Python 3.12.3 on linux)" generated="2025-04-25T16:45:50.150242" rpa="false" schemaversion="5">
<suite id="s1" name="Centro De Custo" source="/home/andre/Documentos/TQA/_TQC/ron-bugado-academy13-front-robot/tests/centro_de_custo.robot">
<test id="s1-t1" name="Link centro de custo" line="8">
<kw name="Abrir navegador" owner="customKeywords" type="SETUP">
<kw name="Open Browser" owner="SeleniumLibrary">
<msg time="2025-04-25T16:45:50.386318" level="INFO">Opening browser 'chrome' to base url 'None'.</msg>
<msg time="2025-04-25T16:45:50.462286" level="WARN">The chromedriver version (133.0.6943.126) detected in PATH at /usr/bin/chromedriver might not be compatible with the detected chrome version (134.0.6998.165); currently, chromedriver 134.0.6998.165 is recommended for chrome 134.*, so it is advised to delete the driver in PATH and retry</msg>
<arg>browser=${BROWSER}</arg>
<arg>options=add_argument("--headless")</arg>
<doc>Opens a new browser instance to the optional ``url``.</doc>
<status status="PASS" start="2025-04-25T16:45:50.385948" elapsed="0.336045"/>
</kw>
<kw name="Maximize Browser Window" owner="SeleniumLibrary">
<doc>Maximizes current browser window.</doc>
<status status="PASS" start="2025-04-25T16:45:50.722345" elapsed="0.016458"/>
</kw>
<status status="PASS" start="2025-04-25T16:45:50.384902" elapsed="0.354159"/>
</kw>
<kw name="Carregar Variaveis Ambiente" owner="load_env">
<msg time="2025-04-25T16:45:50.740797" level="INFO">${env} = environ({'SHELL': '/bin/bash', 'SESSION_MANAGER': 'local/andre-Lenovo-IdeaPad-S145-15IWL:@/tmp/.ICE-unix/2632,unix/andre-Lenovo-IdeaPad-S145-15IWL:/tmp/.ICE-unix/2632', 'QT_ACCESSIBILITY': '1', 'COLOR...</msg>
<var>${env}</var>
<status status="PASS" start="2025-04-25T16:45:50.739442" elapsed="0.001839"/>
</kw>
<kw name="Acessar a pagina de &quot;Login&quot; Qa.Coders Academy" owner="login" source_name="Acessar a pagina de &quot;${text}&quot; Qa.Coders Academy">
<kw name="Go To" owner="SeleniumLibrary">
<msg time="2025-04-25T16:45:50.742725" level="INFO">Opening url 'https://ron-bugado-front.qacoders.dev.br'</msg>
<arg>url=${BASE_URL}</arg>
<doc>Navigates the current browser window to the provided ``url``.</doc>
<status status="PASS" start="2025-04-25T16:45:50.742427" elapsed="0.206877"/>
</kw>
<kw name="Wait Until Page Contains" owner="SeleniumLibrary">
<arg>text=${text}</arg>
<arg>timeout=5s</arg>
<doc>Waits until ``text`` appears on the current page.</doc>
<status status="PASS" start="2025-04-25T16:45:50.949613" elapsed="0.225056"/>
</kw>
<doc>Acessa a tela de login</doc>
<status status="PASS" start="2025-04-25T16:45:50.741952" elapsed="0.432994"/>
</kw>
<kw name="Preencher os campos obrigatorios &quot;${env[&quot;MAIL&quot;]}&quot; &quot;${env[&quot;PASSWORD&quot;]}&quot;" owner="login" source_name="Preencher os campos obrigatorios &quot;${email}&quot; &quot;${senha}&quot;">
<kw name="Wait Until Element Is Visible" owner="SeleniumLibrary">
<arg>${input_mail}</arg>
<arg>timeout=2s</arg>
<doc>Waits until the element ``locator`` is visible.</doc>
<status status="PASS" start="2025-04-25T16:45:51.177347" elapsed="0.033031"/>
</kw>
<kw name="Input Password" owner="SeleniumLibrary">
<msg time="2025-04-25T16:45:51.211405" level="INFO">Typing password into text field 'id=email'.</msg>
<msg time="2025-04-25T16:45:51.294849" level="INFO">Temporally setting log level to: NONE</msg>
<arg>${input_mail}</arg>
<arg>${Email}</arg>
<doc>Types the given password into the text field identified by ``locator``.</doc>
<status status="PASS" start="2025-04-25T16:45:51.210808" elapsed="0.225180"/>
</kw>
<kw name="Wait Until Element Is Visible" owner="SeleniumLibrary">
<arg>${input_password}</arg>
<doc>Waits until the element ``locator`` is visible.</doc>
<status status="PASS" start="2025-04-25T16:45:51.436287" elapsed="0.023612"/>
</kw>
<kw name="Input Password" owner="SeleniumLibrary">
<msg time="2025-04-25T16:45:51.460999" level="INFO">Typing password into text field 'id=password'.</msg>
<msg time="2025-04-25T16:45:51.498660" level="INFO">Temporally setting log level to: NONE</msg>
<arg>${input_password}</arg>
<arg>${senha}</arg>
<doc>Types the given password into the text field identified by ``locator``.</doc>
<status status="PASS" start="2025-04-25T16:45:51.460360" elapsed="0.105585"/>
</kw>
<doc>Preenche os campo obrigatórios</doc>
<status status="PASS" start="2025-04-25T16:45:51.175403" elapsed="0.390785"/>
</kw>
<kw name="Clicar no botao &quot;Entrar&quot;" owner="login" source_name="Clicar no botao &quot;${text}&quot;">
<kw name="Wait Until Element Is Visible" owner="SeleniumLibrary">
<arg>//button[contains(text(), '${text}')]</arg>
<arg>timeout=2s</arg>
<doc>Waits until the element ``locator`` is visible.</doc>
<status status="PASS" start="2025-04-25T16:45:51.567097" elapsed="0.026462"/>
</kw>
<kw name="Click Button" owner="SeleniumLibrary">
<msg time="2025-04-25T16:45:51.594556" level="INFO">Clicking button '//button[contains(text(), 'Entrar')]'.</msg>
<arg>//button[contains(text(), '${text}')]</arg>
<doc>Clicks the button identified by ``locator``.</doc>
<status status="PASS" start="2025-04-25T16:45:51.594029" elapsed="0.114234"/>
</kw>
<status status="PASS" start="2025-04-25T16:45:51.566588" elapsed="0.141913"/>
</kw>
<kw name="Ao logar na home verificar se logo Qa.Coders Academy está visivel" owner="login">
<kw name="Wait Until Element Is Visible" owner="SeleniumLibrary">
<arg>${LOGO_HOME}</arg>
<arg>timeout=2s</arg>
<doc>Waits until the element ``locator`` is visible.</doc>
<status status="PASS" start="2025-04-25T16:45:51.709536" elapsed="0.268202"/>
</kw>
<doc>Verificar logo está visivel</doc>
<status status="PASS" start="2025-04-25T16:45:51.709046" elapsed="0.269182"/>
</kw>
<kw name="Clicar em cadastro" owner="diretoria">
<kw name="Wait Until Element Is Visible" owner="SeleniumLibrary">
<arg>${LINK_CADASTRO}</arg>
<doc>Waits until the element ``locator`` is visible.</doc>
<status status="PASS" start="2025-04-25T16:45:51.980529" elapsed="0.055785"/>
</kw>
<kw name="Click Element" owner="SeleniumLibrary">
<msg time="2025-04-25T16:45:52.037877" level="INFO">Clicking element 'id=Cadastros'.</msg>
<arg>${LINK_CADASTRO}</arg>
<doc>Click the element identified by ``locator``.</doc>
<status status="PASS" start="2025-04-25T16:45:52.037121" elapsed="0.094003"/>
</kw>
<status status="PASS" start="2025-04-25T16:45:51.979350" elapsed="0.151963"/>
</kw>
<kw name="Verificar link Centro de custo" owner="centro_de_custo">
<kw name="Wait Until Element Is Visible" owner="SeleniumLibrary">
<arg>id=Centro de Custo</arg>
<doc>Waits until the element ``locator`` is visible.</doc>
<status status="PASS" start="2025-04-25T16:45:52.132127" elapsed="0.030297"/>
</kw>
<kw name="Click Element" owner="SeleniumLibrary">
<msg time="2025-04-25T16:45:52.163136" level="INFO">Clicking element 'id=Centro de Custo'.</msg>
<arg>id=Centro de Custo</arg>
<doc>Click the element identified by ``locator``.</doc>
<status status="PASS" start="2025-04-25T16:45:52.162782" elapsed="0.087017"/>
</kw>
<status status="PASS" start="2025-04-25T16:45:52.131620" elapsed="0.118374"/>
</kw>
<kw name="Fechar navegador" owner="customKeywords" type="TEARDOWN">
<kw name="Close All Browsers" owner="SeleniumLibrary">
<doc>Closes all open browsers and resets the browser cache.</doc>
<status status="PASS" start="2025-04-25T16:45:52.250785" elapsed="0.088929"/>
</kw>
<status status="PASS" start="2025-04-25T16:45:52.250403" elapsed="0.089489"/>
</kw>
<status status="PASS" start="2025-04-25T16:45:50.383878" elapsed="1.956310"/>
</test>
<status status="PASS" start="2025-04-25T16:45:50.153691" elapsed="2.187628"/>
</suite>
<statistics>
<total>
<stat pass="1" fail="0" skip="0">All Tests</stat>
</total>
<tag>
</tag>
<suite>
<stat name="Centro De Custo" id="s1" pass="1" fail="0" skip="0">Centro De Custo</stat>
</suite>
</statistics>
<errors>
<msg time="2025-04-25T16:45:50.462286" level="WARN">The chromedriver version (133.0.6943.126) detected in PATH at /usr/bin/chromedriver might not be compatible with the detected chrome version (134.0.6998.165); currently, chromedriver 134.0.6998.165 is recommended for chrome 134.*, so it is advised to delete the driver in PATH and retry</msg>
</errors>
</robot>
